<?xml version="1.0" encoding="UTF-8"?>
<!-- Generated by org.testng.reporters.JUnitReportReporter -->
<testsuite skipped="0" hostname="admin106-desktop" name="com.bridgelabz.testcases.WhatsappWebAppTest" tests="1" failures="0" timestamp="26 Feb 2020 09:01:29 GMT" time="34.615" errors="0">
  <testcase name="Test" time="34.615" classname="com.bridgelabz.testcases.WhatsappWebAppTest"/>
</testsuite> <!-- com.bridgelabz.testcases.WhatsappWebAppTest -->
